<?xml version="1.0" encoding="UTF-8"?>
<testsuite xmlns:xsi="http://www.w3.org/2001/XMLSchema-instance" xsi:noNamespaceSchemaLocation="https://maven.apache.org/surefire/maven-surefire-plugin/xsd/surefire-test-report-3.0.xsd" version="3.0" name="com.tcg.weatherinfo.integration.OpenWeatherMapClientTest" time="7.349" tests="3" errors="0" skipped="0" failures="0">
  <properties>
[...]
</properties>
  <testcase name="testGetWeatherByPostalCode_ApiError" classname="com.tcg.weatherinfo.integration.OpenWeatherMapClientTest" time="0.027">
    <system-out><![CDATA[2025-01-22T14:17:43.128+05:30  INFO 18976 --- [           main] t.c.s.AnnotationConfigContextLoaderUtils : Could not detect default configuration classes for test class [com.tcg.weatherinfo.integration.OpenWeatherMapClientTest]: OpenWeatherMapClientTest does not declare any static, non-private, non-final, nested classes annotated with @Configuration.
2025-01-22T14:17:43.161+05:30  INFO 18976 --- [           main] .b.t.c.SpringBootTestContextBootstrapper : Found @SpringBootConfiguration com.tcg.weatherinfo.WeatherServiceApplication for test class com.tcg.weatherinfo.integration.OpenWeatherMapClientTest
2025-01-22T14:17:43.181+05:30  INFO 18976 --- [           main] o.s.b.d.r.RestartApplicationListener     : Restart disabled due to context in which it is running

  .   ____          _            __ _ _
 /\\ / ___'_ __ _ _(_)_ __  __ _ \ \ \ \
( ( )\___ | '_ | '_| | '_ \/ _` | \ \ \ \
 \\/  ___)| |_)| | | | | || (_| |  ) ) ) )
  '  |____| .__|_| |_|_| |_\__, | / / / /
 =========|_|==============|___/=/_/_/_/
 :: Spring Boot ::                (v3.2.1)

2025-01-22T14:17:43.256+05:30  INFO 18976 --- [           main] c.t.w.i.OpenWeatherMapClientTest         : Starting OpenWeatherMapClientTest using Java 21.0.4 with PID 18976 (started by malar in C:\Users\malar\Documents\github_codewithselva\weather-service)
2025-01-22T14:17:43.257+05:30  INFO 18976 --- [           main] c.t.w.i.OpenWeatherMapClientTest         : The following 1 profile is active: "test"
2025-01-22T14:17:43.261+05:30 DEBUG 18976 --- [           main] o.s.w.c.s.GenericWebApplicationContext   : Refreshing org.springframework.web.context.support.GenericWebApplicationContext@6f997702
2025-01-22T14:17:44.305+05:30  INFO 18976 --- [           main] .s.d.r.c.RepositoryConfigurationDelegate : Bootstrapping Spring Data JPA repositories in DEFAULT mode.
2025-01-22T14:17:44.406+05:30  INFO 18976 --- [           main] .s.d.r.c.RepositoryConfigurationDelegate : Finished Spring Data repository scanning in 81 ms. Found 2 JPA repository interfaces.
2025-01-22T14:17:45.059+05:30  INFO 18976 --- [           main] com.zaxxer.hikari.HikariDataSource       : HikariPool-1 - Starting...
2025-01-22T14:17:45.608+05:30  INFO 18976 --- [           main] com.zaxxer.hikari.pool.HikariPool        : HikariPool-1 - Added connection conn0: url=jdbc:h2:mem:testdb user=SA
2025-01-22T14:17:45.614+05:30  INFO 18976 --- [           main] com.zaxxer.hikari.HikariDataSource       : HikariPool-1 - Start completed.
2025-01-22T14:17:45.720+05:30  INFO 18976 --- [           main] o.hibernate.jpa.internal.util.LogHelper  : HHH000204: Processing PersistenceUnitInfo [name: default]
2025-01-22T14:17:45.880+05:30  INFO 18976 --- [           main] org.hibernate.Version                    : HHH000412: Hibernate ORM core version 6.4.1.Final
2025-01-22T14:17:45.973+05:30  INFO 18976 --- [           main] o.h.c.internal.RegionFactoryInitiator    : HHH000026: Second-level cache disabled
2025-01-22T14:17:46.291+05:30  INFO 18976 --- [           main] o.s.o.j.p.SpringPersistenceUnitInfo      : No LoadTimeWeaver setup: ignoring JPA class transformer
2025-01-22T14:17:46.404+05:30  WARN 18976 --- [           main] org.hibernate.orm.deprecation            : HHH90000025: H2Dialect does not need to be specified explicitly using 'hibernate.dialect' (remove the property setting and it will be selected by default)
2025-01-22T14:17:47.989+05:30  INFO 18976 --- [           main] o.h.e.t.j.p.i.JtaPlatformInitiator       : HHH000489: No JTA platform available (set 'hibernate.transaction.jta.platform' to enable JTA platform integration)
2025-01-22T14:17:48.020+05:30 DEBUG 18976 --- [           main] org.hibernate.SQL                        : drop table if exists users cascade 
2025-01-22T14:17:48.028+05:30 DEBUG 18976 --- [           main] org.hibernate.SQL                        : drop table if exists weather_data cascade 
2025-01-22T14:17:48.038+05:30 DEBUG 18976 --- [           main] org.hibernate.SQL                        : create table users (active boolean not null, version integer, created_at timestamp(6), id bigint generated by default as identity, password varchar(255) not null, username varchar(255) not null unique, primary key (id))
2025-01-22T14:17:48.056+05:30 DEBUG 18976 --- [           main] org.hibernate.SQL                        : create table weather_data (humidity float(53) not null, temperature float(53) not null, id bigint generated by default as identity, request_timestamp timestamp(6), user_id bigint, postal_code varchar(255) not null, weather_condition varchar(255), primary key (id))
2025-01-22T14:17:48.058+05:30 DEBUG 18976 --- [           main] org.hibernate.SQL                        : alter table if exists weather_data add constraint FK7efwel136d5od499jih59aryd foreign key (user_id) references users
2025-01-22T14:17:48.084+05:30  INFO 18976 --- [           main] j.LocalContainerEntityManagerFactoryBean : Initialized JPA EntityManagerFactory for persistence unit 'default'
2025-01-22T14:17:48.638+05:30  INFO 18976 --- [           main] o.s.d.j.r.query.QueryEnhancerFactory     : Hibernate is in classpath; If applicable, HQL parser will be used.
2025-01-22T14:17:49.841+05:30  WARN 18976 --- [           main] JpaBaseConfiguration$JpaWebConfiguration : spring.jpa.open-in-view is enabled by default. Therefore, database queries may be performed during view rendering. Explicitly configure spring.jpa.open-in-view to disable this warning
2025-01-22T14:17:49.892+05:30 DEBUG 18976 --- [           main] s.w.s.m.m.a.RequestMappingHandlerMapping : 13 mappings in 'requestMappingHandlerMapping'
2025-01-22T14:17:49.913+05:30 DEBUG 18976 --- [           main] o.s.w.s.handler.SimpleUrlHandlerMapping  : Patterns [/webjars/**, /**, /swagger-ui*/*swagger-initializer.js, /swagger-ui*/**] in 'resourceHandlerMapping'
2025-01-22T14:17:49.933+05:30 DEBUG 18976 --- [           main] s.w.s.m.m.a.RequestMappingHandlerAdapter : ControllerAdvice beans: 0 @ModelAttribute, 0 @InitBinder, 1 RequestBodyAdvice, 1 ResponseBodyAdvice
2025-01-22T14:17:49.939+05:30 DEBUG 18976 --- [           main] .m.m.a.ExceptionHandlerExceptionResolver : ControllerAdvice beans: 2 @ExceptionHandler, 1 ResponseBodyAdvice
2025-01-22T14:17:50.108+05:30  INFO 18976 --- [           main] o.s.b.a.h2.H2ConsoleAutoConfiguration    : H2 console available at '/h2-console'. Database available at 'jdbc:h2:mem:testdb'
2025-01-22T14:17:50.181+05:30  INFO 18976 --- [           main] c.t.w.i.OpenWeatherMapClientTest         : Started OpenWeatherMapClientTest in 7.001 seconds (process running for 14.943)
BASEURL : https://api.openweathermap.org/data/2.5/weather
2025-01-22T14:17:50.416+05:30 ERROR 18976 --- [           main] c.t.w.integration.OpenWeatherMapClient   : Received no response body for postal code: 94040
2025-01-22T14:17:50.416+05:30 ERROR 18976 --- [           main] c.t.w.integration.OpenWeatherMapClient   : Unexpected error fetching weather data for postal code 94040: No response received from weather API
 exception.getMessage() ==> Failed to fetch weather data: No response received from weather API
]]></system-out>
  </testcase>
  <testcase name="testGetWeatherByPostalCode_NoResponseBody" classname="com.tcg.weatherinfo.integration.OpenWeatherMapClientTest" time="0.01">
    <system-out><![CDATA[BASEURL : https://api.openweathermap.org/data/2.5/weather
2025-01-22T14:17:50.428+05:30 ERROR 18976 --- [           main] c.t.w.integration.OpenWeatherMapClient   : Received no response body for postal code: 94040
2025-01-22T14:17:50.429+05:30 ERROR 18976 --- [           main] c.t.w.integration.OpenWeatherMapClient   : Unexpected error fetching weather data for postal code 94040: No response received from weather API
]]></system-out>
  </testcase>
  <testcase name="testGetWeatherByPostalCode_Success" classname="com.tcg.weatherinfo.integration.OpenWeatherMapClientTest" time="0.034">
    <system-out><![CDATA[VALID URL ==> https://api.openweathermap.org/data/2.5/weather?zip=94040,US&appid=<<YOUR-API-KEY>>&units=metric
BASEURL : https://api.openweathermap.org/data/2.5/weather
2025-01-22T14:17:50.450+05:30  INFO 18976 --- [           main] c.t.w.integration.OpenWeatherMapClient   : Successfully retrieved weather data for postal code: 94040
response ==> WeatherApiResponse(coord=null, weather=[WeatherDescription(id=0, main=Clear, description=clear sky, icon=null)], base=null, main=MainData(temp=20.0, feelsLike=0.0, tempMin=0.0, tempMax=0.0, pressure=0.0, humidity=50.0, seaLevel=0.0, grndLevel=0.0), visibility=0, wind=Wind(speed=5.0, deg=0, gust=0.0), clouds=Clouds(all=10), dt=0, sys=null, timezone=0, id=0, name=Sample City, statusCode=200)
]]></system-out>
  </testcase>
</testsuite>